<?xml version="1.0" encoding="UTF-8"?>
<testng-results skipped="0" failed="0" ignored="0" total="1" passed="1">
  <reporter-output>
  </reporter-output>
  <suite name="CucumberPOM" duration-ms="17278" started-at="2020-06-12T05:17:41Z" finished-at="2020-06-12T05:17:59Z">
    <groups>
      <group name="cucumber">
        <method signature="LoginPageRunner.feature(cucumber.api.testng.CucumberFeatureWrapper)[pri:0, instance:com.qa.runner.LoginPageRunner@61c7e3]" name="feature" class="com.qa.runner.LoginPageRunner"/>
      </group> <!-- cucumber -->
    </groups>
    <test name="POMCucumber" duration-ms="17278" started-at="2020-06-12T05:17:41Z" finished-at="2020-06-12T05:17:59Z">
      <class name="com.qa.runner.LoginPageRunner">
        <test-method status="PASS" signature="setUpClass()[pri:0, instance:com.qa.runner.LoginPageRunner@61c7e3]" name="setUpClass" is-config="true" duration-ms="265" started-at="2020-06-12T05:17:41Z" finished-at="2020-06-12T05:17:42Z">
          <reporter-output>
          </reporter-output>
        </test-method> <!-- setUpClass -->
        <test-method status="PASS" signature="feature(cucumber.api.testng.CucumberFeatureWrapper)[pri:0, instance:com.qa.runner.LoginPageRunner@61c7e3]" name="feature" duration-ms="16880" started-at="2020-06-12T05:17:42Z" description="Runs Cucumber Feature" data-provider="features" finished-at="2020-06-12T05:17:59Z">
          <params>
            <param index="0">
              <value>
                <![CDATA[Degital bank functioanl test]]>
              </value>
            </param>
          </params>
          <reporter-output>
          </reporter-output>
        </test-method> <!-- feature -->
        <test-method status="PASS" signature="tearDownClass()[pri:0, instance:com.qa.runner.LoginPageRunner@61c7e3]" name="tearDownClass" is-config="true" duration-ms="21" started-at="2020-06-12T05:17:59Z" finished-at="2020-06-12T05:17:59Z">
          <reporter-output>
          </reporter-output>
        </test-method> <!-- tearDownClass -->
      </class> <!-- com.qa.runner.LoginPageRunner -->
    </test> <!-- POMCucumber -->
  </suite> <!-- CucumberPOM -->
</testng-results>
