<?xml version="1.0" encoding="UTF-8"?>
<testng-results skipped="0" failed="0" ignored="0" total="1" passed="1">
  <reporter-output>
  </reporter-output>
  <suite name="Default suite" duration-ms="18070" started-at="2020-06-11T14:51:18Z" finished-at="2020-06-11T14:51:36Z">
    <groups>
      <group name="cucumber">
        <method signature="LoginPageRunner.feature(cucumber.api.testng.CucumberFeatureWrapper)[pri:0, instance:com.qa.runner.LoginPageRunner@f777e8]" name="feature" class="com.qa.runner.LoginPageRunner"/>
      </group> <!-- cucumber -->
    </groups>
    <test name="Default test" duration-ms="18070" started-at="2020-06-11T14:51:18Z" finished-at="2020-06-11T14:51:36Z">
      <class name="com.qa.runner.LoginPageRunner">
        <test-method status="PASS" signature="setUpClass()[pri:0, instance:com.qa.runner.LoginPageRunner@f777e8]" name="setUpClass" is-config="true" duration-ms="283" started-at="2020-06-11T14:51:18Z" finished-at="2020-06-11T14:51:18Z">
          <reporter-output>
          </reporter-output>
        </test-method> <!-- setUpClass -->
        <test-method status="PASS" signature="feature(cucumber.api.testng.CucumberFeatureWrapper)[pri:0, instance:com.qa.runner.LoginPageRunner@f777e8]" name="feature" duration-ms="17657" started-at="2020-06-11T14:51:18Z" description="Runs Cucumber Feature" data-provider="features" finished-at="2020-06-11T14:51:36Z">
          <params>
            <param index="0">
              <value>
                <![CDATA[Degital bank functioanl test]]>
              </value>
            </param>
          </params>
          <reporter-output>
          </reporter-output>
        </test-method> <!-- feature -->
        <test-method status="PASS" signature="tearDownClass()[pri:0, instance:com.qa.runner.LoginPageRunner@f777e8]" name="tearDownClass" is-config="true" duration-ms="13" started-at="2020-06-11T14:51:36Z" finished-at="2020-06-11T14:51:36Z">
          <reporter-output>
          </reporter-output>
        </test-method> <!-- tearDownClass -->
      </class> <!-- com.qa.runner.LoginPageRunner -->
    </test> <!-- Default test -->
  </suite> <!-- Default suite -->
</testng-results>
